<?xml version="1.0" encoding="UTF-8"?>
<!-- Generated by org.testng.reporters.JUnitReportReporter -->
<testsuite hostname="AKASH" failures="0" tests="1" name="apiRequests.FirstApiGetRequest" time="2.796" errors="0" timestamp="2023-05-26T07:40:01 IST" skipped="0">
  <testcase classname="apiRequests.FirstApiGetRequest" name="testCase01" time="2.796"/>
  <system-out/>
</testsuite> <!-- apiRequests.FirstApiGetRequest -->
